2018-07-24 10:25:06.466  INFO 5 --- [           main] s.c.a.AnnotationConfigApplicationContext : Refreshing org.springframework.context.annotation.AnnotationConfigApplicationContext@5e025e70: startup date [Tue Jul 24 10:25:06 UTC 2018]; root of context hierarchy
2018-07-24 10:25:10.860  INFO 5 --- [           main] f.a.AutowiredAnnotationBeanPostProcessor : JSR-330 'javax.inject.Inject' annotation found and supported for autowiring
2018-07-24 10:25:12.677  INFO 5 --- [           main] trationDelegate$BeanPostProcessorChecker : Bean 'configurationPropertiesRebinderAutoConfiguration' of type [org.springframework.cloud.autoconfigure.ConfigurationPropertiesRebinderAutoConfiguration$$EnhancerBySpringCGLIB$$412c03e1] is not eligible for getting processed by all BeanPostProcessors (for example: not eligible for auto-proxying)

  .   ____          _            __ _ _
 /\\ / ___'_ __ _ _(_)_ __  __ _ \ \ \ \
( ( )\___ | '_ | '_| | '_ \/ _` | \ \ \ \
 \\/  ___)| |_)| | | | | || (_| |  ) ) ) )
  '  |____| .__|_| |_|_| |_\__, | / / / /
 =========|_|==============|___/=/_/_/_/
 :: Spring Boot ::        (v2.0.3.RELEASE)

2018-07-24 10:25:22.105  INFO 5 --- [           main] c.g.lee.server.ServerAdminApplicationKt  : No active profile set, falling back to default profiles: default
2018-07-24 10:25:22.517  INFO 5 --- [           main] ConfigServletWebServerApplicationContext : Refreshing org.springframework.boot.web.servlet.context.AnnotationConfigServletWebServerApplicationContext@56ef9176: startup date [Tue Jul 24 10:25:22 UTC 2018]; parent: org.springframework.context.annotation.AnnotationConfigApplicationContext@5e025e70
2018-07-24 10:25:38.269  INFO 5 --- [           main] o.s.cloud.context.scope.GenericScope     : BeanFactory id=b9b03847-3c18-389e-87e7-ac50dc04d05e
2018-07-24 10:25:38.352  INFO 5 --- [           main] f.a.AutowiredAnnotationBeanPostProcessor : JSR-330 'javax.inject.Inject' annotation found and supported for autowiring
2018-07-24 10:25:41.701  INFO 5 --- [           main] trationDelegate$BeanPostProcessorChecker : Bean 'org.springframework.transaction.annotation.ProxyTransactionManagementConfiguration' of type [org.springframework.transaction.annotation.ProxyTransactionManagementConfiguration$$EnhancerBySpringCGLIB$$251200e4] is not eligible for getting processed by all BeanPostProcessors (for example: not eligible for auto-proxying)
2018-07-24 10:25:42.141  INFO 5 --- [           main] trationDelegate$BeanPostProcessorChecker : Bean 'org.springframework.cloud.autoconfigure.ConfigurationPropertiesRebinderAutoConfiguration' of type [org.springframework.cloud.autoconfigure.ConfigurationPropertiesRebinderAutoConfiguration$$EnhancerBySpringCGLIB$$412c03e1] is not eligible for getting processed by all BeanPostProcessors (for example: not eligible for auto-proxying)
2018-07-24 10:25:52.634  INFO 5 --- [           main] o.s.b.w.embedded.tomcat.TomcatWebServer  : Tomcat initialized with port(s): 11000 (http)
2018-07-24 10:25:53.048  INFO 5 --- [           main] o.apache.catalina.core.StandardService   : Starting service [Tomcat]
2018-07-24 10:25:53.049  INFO 5 --- [           main] org.apache.catalina.core.StandardEngine  : Starting Servlet Engine: Apache Tomcat/8.5.31
2018-07-24 10:25:53.238  INFO 5 --- [ost-startStop-1] o.a.catalina.core.AprLifecycleListener   : The APR based Apache Tomcat Native library which allows optimal performance in production environments was not found on the java.library.path: [/usr/java/packages/lib/amd64:/usr/lib/x86_64-linux-gnu/jni:/lib/x86_64-linux-gnu:/usr/lib/x86_64-linux-gnu:/usr/lib/jni:/lib:/usr/lib]
2018-07-24 10:25:54.516  INFO 5 --- [ost-startStop-1] o.a.c.c.C.[Tomcat].[localhost].[/]       : Initializing Spring embedded WebApplicationContext
2018-07-24 10:25:54.517  INFO 5 --- [ost-startStop-1] o.s.web.context.ContextLoader            : Root WebApplicationContext: initialization completed in 32036 ms
2018-07-24 10:26:01.170  WARN 5 --- [ost-startStop-1] c.n.c.sources.URLConfigurationSource     : No URLs will be polled as dynamic configuration sources.
2018-07-24 10:26:01.172  INFO 5 --- [ost-startStop-1] c.n.c.sources.URLConfigurationSource     : To enable URLs as dynamic configuration sources, define System property archaius.configurationSource.additionalUrls or make config.properties available on classpath.
2018-07-24 10:26:01.792  INFO 5 --- [ost-startStop-1] c.netflix.config.DynamicPropertyFactory  : DynamicPropertyFactory is initialized with configuration sources: com.netflix.config.ConcurrentCompositeConfiguration@7f4f1d7e
2018-07-24 10:26:04.533  INFO 5 --- [ost-startStop-1] c.a.d.s.b.a.DruidDataSourceAutoConfigure : Init DruidDataSource
2018-07-24 10:26:07.985  INFO 5 --- [ost-startStop-1] com.alibaba.druid.pool.DruidDataSource   : {dataSource-1} inited
2018-07-24 10:26:17.535  INFO 5 --- [ost-startStop-1] o.s.b.w.servlet.ServletRegistrationBean  : Servlet dispatcherServlet mapped to [/]
2018-07-24 10:26:17.574  INFO 5 --- [ost-startStop-1] o.s.b.w.servlet.ServletRegistrationBean  : Servlet statViewServlet mapped to [/druid/*]
2018-07-24 10:26:17.595  INFO 5 --- [ost-startStop-1] o.s.b.w.servlet.FilterRegistrationBean   : Mapping filter: 'characterEncodingFilter' to: [/*]
2018-07-24 10:26:17.599  INFO 5 --- [ost-startStop-1] o.s.b.w.servlet.FilterRegistrationBean   : Mapping filter: 'hiddenHttpMethodFilter' to: [/*]
2018-07-24 10:26:17.599  INFO 5 --- [ost-startStop-1] o.s.b.w.servlet.FilterRegistrationBean   : Mapping filter: 'httpPutFormContentFilter' to: [/*]
2018-07-24 10:26:17.600  INFO 5 --- [ost-startStop-1] o.s.b.w.servlet.FilterRegistrationBean   : Mapping filter: 'requestContextFilter' to: [/*]
2018-07-24 10:26:17.600  INFO 5 --- [ost-startStop-1] o.s.b.w.servlet.FilterRegistrationBean   : Mapping filter: 'httpTraceFilter' to: [/*]
2018-07-24 10:26:17.600  INFO 5 --- [ost-startStop-1] o.s.b.w.servlet.FilterRegistrationBean   : Mapping filter: 'webStatFilter' to urls: [/*]
2018-07-24 10:26:17.600  INFO 5 --- [ost-startStop-1] o.s.b.w.servlet.FilterRegistrationBean   : Mapping filter: 'webMvcMetricsFilter' to: [/*]
2018-07-24 10:26:30.983  WARN 5 --- [           main] c.n.c.sources.URLConfigurationSource     : No URLs will be polled as dynamic configuration sources.
2018-07-24 10:26:30.984  INFO 5 --- [           main] c.n.c.sources.URLConfigurationSource     : To enable URLs as dynamic configuration sources, define System property archaius.configurationSource.additionalUrls or make config.properties available on classpath.
2018-07-24 10:26:33.335  INFO 5 --- [           main] o.s.w.s.handler.SimpleUrlHandlerMapping  : Mapped URL path [/**/favicon.ico] onto handler of type [class org.springframework.web.servlet.resource.ResourceHttpRequestHandler]
2018-07-24 10:26:36.568  INFO 5 --- [           main] s.w.s.m.m.a.RequestMappingHandlerAdapter : Looking for @ControllerAdvice: org.springframework.boot.web.servlet.context.AnnotationConfigServletWebServerApplicationContext@56ef9176: startup date [Tue Jul 24 10:25:22 UTC 2018]; parent: org.springframework.context.annotation.AnnotationConfigApplicationContext@5e025e70
2018-07-24 10:26:53.030  INFO 5 --- [           main] s.w.s.m.m.a.RequestMappingHandlerMapping : Mapped "{[/test]}" onto public com.github.lee.core.controller.domain.JsonResponse com.github.lee.server.api.admin.AdminServerController.test(java.lang.String)
2018-07-24 10:26:53.036  INFO 5 --- [           main] s.w.s.m.m.a.RequestMappingHandlerMapping : Mapped "{[/error],produces=[text/html]}" onto public org.springframework.web.servlet.ModelAndView org.springframework.boot.autoconfigure.web.servlet.error.BasicErrorController.errorHtml(javax.servlet.http.HttpServletRequest,javax.servlet.http.HttpServletResponse)
2018-07-24 10:26:53.038  INFO 5 --- [           main] s.w.s.m.m.a.RequestMappingHandlerMapping : Mapped "{[/error]}" onto public org.springframework.http.ResponseEntity<java.util.Map<java.lang.String, java.lang.Object>> org.springframework.boot.autoconfigure.web.servlet.error.BasicErrorController.error(javax.servlet.http.HttpServletRequest)
2018-07-24 10:26:53.118  INFO 5 --- [           main] o.s.w.s.handler.SimpleUrlHandlerMapping  : Mapped URL path [/webjars/**] onto handler of type [class org.springframework.web.servlet.resource.ResourceHttpRequestHandler]
2018-07-24 10:26:53.119  INFO 5 --- [           main] o.s.w.s.handler.SimpleUrlHandlerMapping  : Mapped URL path [/**] onto handler of type [class org.springframework.web.servlet.resource.ResourceHttpRequestHandler]
2018-07-24 10:27:20.110  INFO 5 --- [           main] o.s.ui.freemarker.SpringTemplateLoader   : SpringTemplateLoader for FreeMarker: using resource loader [org.springframework.boot.web.servlet.context.AnnotationConfigServletWebServerApplicationContext@56ef9176: startup date [Tue Jul 24 10:25:22 UTC 2018]; parent: org.springframework.context.annotation.AnnotationConfigApplicationContext@5e025e70] and template loader path [classpath:/templates/]
2018-07-24 10:27:20.112  INFO 5 --- [           main] o.s.w.s.v.f.FreeMarkerConfigurer         : ClassTemplateLoader for Spring macros added to FreeMarker configuration
2018-07-24 10:27:24.615  INFO 5 --- [           main] o.s.b.a.e.web.EndpointLinksResolver      : Exposing 2 endpoint(s) beneath base path '/actuator'
2018-07-24 10:27:24.745  INFO 5 --- [           main] s.b.a.e.w.s.WebMvcEndpointHandlerMapping : Mapped "{[/actuator/health],methods=[GET],produces=[application/vnd.spring-boot.actuator.v2+json || application/json]}" onto public java.lang.Object org.springframework.boot.actuate.endpoint.web.servlet.AbstractWebMvcEndpointHandlerMapping$OperationHandler.handle(javax.servlet.http.HttpServletRequest,java.util.Map<java.lang.String, java.lang.String>)
2018-07-24 10:27:24.747  INFO 5 --- [           main] s.b.a.e.w.s.WebMvcEndpointHandlerMapping : Mapped "{[/actuator/info],methods=[GET],produces=[application/vnd.spring-boot.actuator.v2+json || application/json]}" onto public java.lang.Object org.springframework.boot.actuate.endpoint.web.servlet.AbstractWebMvcEndpointHandlerMapping$OperationHandler.handle(javax.servlet.http.HttpServletRequest,java.util.Map<java.lang.String, java.lang.String>)
2018-07-24 10:27:24.749  INFO 5 --- [           main] s.b.a.e.w.s.WebMvcEndpointHandlerMapping : Mapped "{[/actuator],methods=[GET],produces=[application/vnd.spring-boot.actuator.v2+json || application/json]}" onto protected java.util.Map<java.lang.String, java.util.Map<java.lang.String, org.springframework.boot.actuate.endpoint.web.Link>> org.springframework.boot.actuate.endpoint.web.servlet.WebMvcEndpointHandlerMapping.links(javax.servlet.http.HttpServletRequest,javax.servlet.http.HttpServletResponse)
2018-07-24 10:27:25.012  INFO 5 --- [           main] o.s.j.e.a.AnnotationMBeanExporter        : Registering beans for JMX exposure on startup
2018-07-24 10:27:25.018  INFO 5 --- [           main] o.s.j.e.a.AnnotationMBeanExporter        : Bean with name 'statFilter' has been autodetected for JMX exposure
2018-07-24 10:27:25.018  INFO 5 --- [           main] o.s.j.e.a.AnnotationMBeanExporter        : Bean with name 'dataSource' has been autodetected for JMX exposure
2018-07-24 10:27:25.129  INFO 5 --- [           main] o.s.j.e.a.AnnotationMBeanExporter        : Bean with name 'environmentManager' has been autodetected for JMX exposure
2018-07-24 10:27:25.145  INFO 5 --- [           main] o.s.j.e.a.AnnotationMBeanExporter        : Bean with name 'refreshScope' has been autodetected for JMX exposure
2018-07-24 10:27:25.151  INFO 5 --- [           main] o.s.j.e.a.AnnotationMBeanExporter        : Bean with name 'configurationPropertiesRebinder' has been autodetected for JMX exposure
2018-07-24 10:27:25.162  INFO 5 --- [           main] o.s.j.e.a.AnnotationMBeanExporter        : Located managed bean 'environmentManager': registering with JMX server as MBean [org.springframework.cloud.context.environment:name=environmentManager,type=EnvironmentManager]
2018-07-24 10:27:25.199  INFO 5 --- [           main] o.s.j.e.a.AnnotationMBeanExporter        : Located managed bean 'refreshScope': registering with JMX server as MBean [org.springframework.cloud.context.scope.refresh:name=refreshScope,type=RefreshScope]
2018-07-24 10:27:25.236  INFO 5 --- [           main] o.s.j.e.a.AnnotationMBeanExporter        : Located managed bean 'configurationPropertiesRebinder': registering with JMX server as MBean [org.springframework.cloud.context.properties:name=configurationPropertiesRebinder,context=56ef9176,type=ConfigurationPropertiesRebinder]
2018-07-24 10:27:25.264  INFO 5 --- [           main] o.s.j.e.a.AnnotationMBeanExporter        : Located MBean 'dataSource': registering with JMX server as MBean [com.alibaba.druid.spring.boot.autoconfigure:name=dataSource,type=DruidDataSourceWrapper]
2018-07-24 10:27:25.266  INFO 5 --- [           main] o.s.j.e.a.AnnotationMBeanExporter        : Located MBean 'statFilter': registering with JMX server as MBean [com.alibaba.druid.filter.stat:name=statFilter,type=StatFilter]
2018-07-24 10:27:25.529  INFO 5 --- [           main] o.s.c.support.DefaultLifecycleProcessor  : Starting beans in phase 0
2018-07-24 10:27:25.774  INFO 5 --- [           main] o.s.c.n.eureka.InstanceInfoFactory       : Setting initial instance status as: STARTING
2018-07-24 10:27:26.859  INFO 5 --- [           main] com.netflix.discovery.DiscoveryClient    : Initializing Eureka in region us-east-1
2018-07-24 10:27:32.266  INFO 5 --- [           main] c.n.d.provider.DiscoveryJerseyProvider   : Using JSON encoding codec LegacyJacksonJson
2018-07-24 10:27:32.267  INFO 5 --- [           main] c.n.d.provider.DiscoveryJerseyProvider   : Using JSON decoding codec LegacyJacksonJson
2018-07-24 10:27:47.762  INFO 5 --- [           main] c.n.d.provider.DiscoveryJerseyProvider   : Using XML encoding codec XStreamXml
2018-07-24 10:27:47.785  INFO 5 --- [           main] c.n.d.provider.DiscoveryJerseyProvider   : Using XML decoding codec XStreamXml
2018-07-24 10:27:57.915  INFO 5 --- [           main] c.n.d.s.r.aws.ConfigClusterResolver      : Resolving eureka endpoints via configuration
2018-07-24 10:27:58.884  INFO 5 --- [           main] com.netflix.discovery.DiscoveryClient    : Disable delta property : false
2018-07-24 10:27:58.885  INFO 5 --- [           main] com.netflix.discovery.DiscoveryClient    : Single vip registry refresh property : null
2018-07-24 10:27:58.886  INFO 5 --- [           main] com.netflix.discovery.DiscoveryClient    : Force full registry fetch : false
2018-07-24 10:27:58.887  INFO 5 --- [           main] com.netflix.discovery.DiscoveryClient    : Application is null : false
2018-07-24 10:27:58.888  INFO 5 --- [           main] com.netflix.discovery.DiscoveryClient    : Registered Applications size is zero : true
2018-07-24 10:27:58.889  INFO 5 --- [           main] com.netflix.discovery.DiscoveryClient    : Application version is -1: true
2018-07-24 10:27:58.890  INFO 5 --- [           main] com.netflix.discovery.DiscoveryClient    : Getting all instance registry info from the eureka server
2018-07-24 10:28:08.447  INFO 5 --- [           main] com.netflix.discovery.DiscoveryClient    : The response status is 200
2018-07-24 10:28:08.588  INFO 5 --- [           main] com.netflix.discovery.DiscoveryClient    : Starting heartbeat executor: renew interval is: 30
2018-07-24 10:28:08.597  INFO 5 --- [           main] c.n.discovery.InstanceInfoReplicator     : InstanceInfoReplicator onDemand update allowed rate per min is 4
2018-07-24 10:28:08.794  INFO 5 --- [           main] com.netflix.discovery.DiscoveryClient    : Discovery Client initialized at timestamp 1532428088699 with initial instances count: 1
2018-07-24 10:28:08.806  INFO 5 --- [           main] o.s.c.n.e.s.EurekaServiceRegistry        : Registering application server-admin with eureka with status UP
2018-07-24 10:28:08.810  INFO 5 --- [           main] com.netflix.discovery.DiscoveryClient    : Saw local status change event StatusChangeEvent [timestamp=1532428088810, current=UP, previous=STARTING]
2018-07-24 10:28:08.876  INFO 5 --- [nfoReplicator-0] com.netflix.discovery.DiscoveryClient    : DiscoveryClient_SERVER-ADMIN/ffc2770592f8:server-admin:11000: registering service...
2018-07-24 10:28:10.662  INFO 5 --- [           main] o.s.b.w.embedded.tomcat.TomcatWebServer  : Tomcat started on port(s): 11000 (http) with context path ''
2018-07-24 10:28:10.671  INFO 5 --- [           main] .s.c.n.e.s.EurekaAutoServiceRegistration : Updating port to 11000
2018-07-24 10:28:11.335  INFO 5 --- [           main] c.g.lee.server.ServerAdminApplicationKt  : Started ServerAdminApplicationKt in 191.907 seconds (JVM running for 206.869)
2018-07-24 10:28:14.023  INFO 5 --- [nfoReplicator-0] com.netflix.discovery.DiscoveryClient    : DiscoveryClient_SERVER-ADMIN/ffc2770592f8:server-admin:11000 - registration status: 204
